[0.567s] Invoking command in '/home/jenkin/CPMR3/ros2_ws/src/cpmr_apb': PYTHONPATH=/home/jenkin/CPMR3/ros2_ws/install/cpmr_apb/lib/python3.8/site-packages:${PYTHONPATH} /usr/bin/python3 setup.py egg_info --egg-base ../../build/cpmr_apb build --build-base /home/jenkin/CPMR3/ros2_ws/build/cpmr_apb/build install --prefix /home/jenkin/CPMR3/ros2_ws/install/cpmr_apb --record /home/jenkin/CPMR3/ros2_ws/build/cpmr_apb/install.log --single-version-externally-managed
[0.769s] running egg_info
[0.769s] writing ../../build/cpmr_apb/cpmr_apb.egg-info/PKG-INFO
[0.769s] writing dependency_links to ../../build/cpmr_apb/cpmr_apb.egg-info/dependency_links.txt
[0.769s] writing entry points to ../../build/cpmr_apb/cpmr_apb.egg-info/entry_points.txt
[0.769s] writing requirements to ../../build/cpmr_apb/cpmr_apb.egg-info/requires.txt
[0.769s] writing top-level names to ../../build/cpmr_apb/cpmr_apb.egg-info/top_level.txt
[0.792s] reading manifest file '../../build/cpmr_apb/cpmr_apb.egg-info/SOURCES.txt'
[0.793s] writing manifest file '../../build/cpmr_apb/cpmr_apb.egg-info/SOURCES.txt'
[0.793s] running build
[0.793s] running build_py
[0.793s] copying cpmr_apb/depopulate.py -> /home/jenkin/CPMR3/ros2_ws/build/cpmr_apb/build/lib/cpmr_apb
[0.793s] running install
[0.794s] running install_lib
[0.794s] copying /home/jenkin/CPMR3/ros2_ws/build/cpmr_apb/build/lib/cpmr_apb/depopulate.py -> /home/jenkin/CPMR3/ros2_ws/install/cpmr_apb/lib/python3.8/site-packages/cpmr_apb
[0.795s] byte-compiling /home/jenkin/CPMR3/ros2_ws/install/cpmr_apb/lib/python3.8/site-packages/cpmr_apb/depopulate.py to depopulate.cpython-38.pyc
[0.795s] running install_data
[0.796s] running install_egg_info
[0.797s] removing '/home/jenkin/CPMR3/ros2_ws/install/cpmr_apb/lib/python3.8/site-packages/cpmr_apb-1.0.0-py3.8.egg-info' (and everything under it)
[0.797s] Copying ../../build/cpmr_apb/cpmr_apb.egg-info to /home/jenkin/CPMR3/ros2_ws/install/cpmr_apb/lib/python3.8/site-packages/cpmr_apb-1.0.0-py3.8.egg-info
[0.797s] running install_scripts
[0.809s] Installing depopulate_world script to /home/jenkin/CPMR3/ros2_ws/install/cpmr_apb/lib/cpmr_apb
[0.809s] Installing populate_world script to /home/jenkin/CPMR3/ros2_ws/install/cpmr_apb/lib/cpmr_apb
[0.809s] writing list of installed files to '/home/jenkin/CPMR3/ros2_ws/build/cpmr_apb/install.log'
[0.822s] Invoked command in '/home/jenkin/CPMR3/ros2_ws/src/cpmr_apb' returned '0': PYTHONPATH=/home/jenkin/CPMR3/ros2_ws/install/cpmr_apb/lib/python3.8/site-packages:${PYTHONPATH} /usr/bin/python3 setup.py egg_info --egg-base ../../build/cpmr_apb build --build-base /home/jenkin/CPMR3/ros2_ws/build/cpmr_apb/build install --prefix /home/jenkin/CPMR3/ros2_ws/install/cpmr_apb --record /home/jenkin/CPMR3/ros2_ws/build/cpmr_apb/install.log --single-version-externally-managed
