running egg_info
creating ../../build/cpmr_apb/cpmr_apb.egg-info
writing ../../build/cpmr_apb/cpmr_apb.egg-info/PKG-INFO
writing dependency_links to ../../build/cpmr_apb/cpmr_apb.egg-info/dependency_links.txt
writing entry points to ../../build/cpmr_apb/cpmr_apb.egg-info/entry_points.txt
writing requirements to ../../build/cpmr_apb/cpmr_apb.egg-info/requires.txt
writing top-level names to ../../build/cpmr_apb/cpmr_apb.egg-info/top_level.txt
writing manifest file '../../build/cpmr_apb/cpmr_apb.egg-info/SOURCES.txt'
reading manifest file '../../build/cpmr_apb/cpmr_apb.egg-info/SOURCES.txt'
writing manifest file '../../build/cpmr_apb/cpmr_apb.egg-info/SOURCES.txt'
running build
running build_py
creating /home/jenkin/CPMR3/ros2_ws/build/cpmr_apb/build
creating /home/jenkin/CPMR3/ros2_ws/build/cpmr_apb/build/lib
creating /home/jenkin/CPMR3/ros2_ws/build/cpmr_apb/build/lib/cpmr_apb
copying cpmr_apb/__init__.py -> /home/jenkin/CPMR3/ros2_ws/build/cpmr_apb/build/lib/cpmr_apb
running install
running install_lib
creating /home/jenkin/CPMR3/ros2_ws/install/cpmr_apb/lib/python3.8/site-packages/cpmr_apb
copying /home/jenkin/CPMR3/ros2_ws/build/cpmr_apb/build/lib/cpmr_apb/__init__.py -> /home/jenkin/CPMR3/ros2_ws/install/cpmr_apb/lib/python3.8/site-packages/cpmr_apb
byte-compiling /home/jenkin/CPMR3/ros2_ws/install/cpmr_apb/lib/python3.8/site-packages/cpmr_apb/__init__.py to __init__.cpython-38.pyc
running install_data
creating /home/jenkin/CPMR3/ros2_ws/install/cpmr_apb/share/ament_index
creating /home/jenkin/CPMR3/ros2_ws/install/cpmr_apb/share/ament_index/resource_index
creating /home/jenkin/CPMR3/ros2_ws/install/cpmr_apb/share/ament_index/resource_index/packages
copying resource/cpmr_apb -> /home/jenkin/CPMR3/ros2_ws/install/cpmr_apb/share/ament_index/resource_index/packages
copying package.xml -> /home/jenkin/CPMR3/ros2_ws/install/cpmr_apb/share/cpmr_apb
copying launch/blockrobot.launch.py -> /home/jenkin/CPMR3/ros2_ws/install/cpmr_apb/share/cpmr_apb
copying urdf/blockrobot.urdf -> /home/jenkin/CPMR3/ros2_ws/install/cpmr_apb/share/cpmr_apb
running install_egg_info
Copying ../../build/cpmr_apb/cpmr_apb.egg-info to /home/jenkin/CPMR3/ros2_ws/install/cpmr_apb/lib/python3.8/site-packages/cpmr_apb-0.0.0-py3.8.egg-info
running install_scripts
writing list of installed files to '/home/jenkin/CPMR3/ros2_ws/build/cpmr_apb/install.log'
