[0.570s] Invoking command in '/home/jenkin/CPMR3/ros2_ws/src/cpmr_apb': PYTHONPATH=/home/jenkin/CPMR3/ros2_ws/install/cpmr_apb/lib/python3.8/site-packages:${PYTHONPATH} /usr/bin/python3 setup.py egg_info --egg-base ../../build/cpmr_apb build --build-base /home/jenkin/CPMR3/ros2_ws/build/cpmr_apb/build install --prefix /home/jenkin/CPMR3/ros2_ws/install/cpmr_apb --record /home/jenkin/CPMR3/ros2_ws/build/cpmr_apb/install.log --single-version-externally-managed
[0.764s] running egg_info
[0.764s] creating ../../build/cpmr_apb/cpmr_apb.egg-info
[0.764s] writing ../../build/cpmr_apb/cpmr_apb.egg-info/PKG-INFO
[0.764s] writing dependency_links to ../../build/cpmr_apb/cpmr_apb.egg-info/dependency_links.txt
[0.764s] writing entry points to ../../build/cpmr_apb/cpmr_apb.egg-info/entry_points.txt
[0.764s] writing requirements to ../../build/cpmr_apb/cpmr_apb.egg-info/requires.txt
[0.765s] writing top-level names to ../../build/cpmr_apb/cpmr_apb.egg-info/top_level.txt
[0.775s] writing manifest file '../../build/cpmr_apb/cpmr_apb.egg-info/SOURCES.txt'
[0.811s] reading manifest file '../../build/cpmr_apb/cpmr_apb.egg-info/SOURCES.txt'
[0.812s] writing manifest file '../../build/cpmr_apb/cpmr_apb.egg-info/SOURCES.txt'
[0.812s] running build
[0.812s] running build_py
[0.812s] creating /home/jenkin/CPMR3/ros2_ws/build/cpmr_apb/build
[0.812s] creating /home/jenkin/CPMR3/ros2_ws/build/cpmr_apb/build/lib
[0.812s] creating /home/jenkin/CPMR3/ros2_ws/build/cpmr_apb/build/lib/cpmr_apb
[0.812s] copying cpmr_apb/__init__.py -> /home/jenkin/CPMR3/ros2_ws/build/cpmr_apb/build/lib/cpmr_apb
[0.812s] running install
[0.812s] running install_lib
[0.813s] creating /home/jenkin/CPMR3/ros2_ws/install/cpmr_apb/lib/python3.8/site-packages/cpmr_apb
[0.813s] copying /home/jenkin/CPMR3/ros2_ws/build/cpmr_apb/build/lib/cpmr_apb/__init__.py -> /home/jenkin/CPMR3/ros2_ws/install/cpmr_apb/lib/python3.8/site-packages/cpmr_apb
[0.814s] byte-compiling /home/jenkin/CPMR3/ros2_ws/install/cpmr_apb/lib/python3.8/site-packages/cpmr_apb/__init__.py to __init__.cpython-38.pyc
[0.814s] running install_data
[0.815s] creating /home/jenkin/CPMR3/ros2_ws/install/cpmr_apb/share/ament_index
[0.815s] creating /home/jenkin/CPMR3/ros2_ws/install/cpmr_apb/share/ament_index/resource_index
[0.815s] creating /home/jenkin/CPMR3/ros2_ws/install/cpmr_apb/share/ament_index/resource_index/packages
[0.815s] copying resource/cpmr_apb -> /home/jenkin/CPMR3/ros2_ws/install/cpmr_apb/share/ament_index/resource_index/packages
[0.815s] copying package.xml -> /home/jenkin/CPMR3/ros2_ws/install/cpmr_apb/share/cpmr_apb
[0.815s] copying launch/blockrobot.launch.py -> /home/jenkin/CPMR3/ros2_ws/install/cpmr_apb/share/cpmr_apb
[0.815s] copying urdf/blockrobot.urdf -> /home/jenkin/CPMR3/ros2_ws/install/cpmr_apb/share/cpmr_apb
[0.815s] running install_egg_info
[0.816s] Copying ../../build/cpmr_apb/cpmr_apb.egg-info to /home/jenkin/CPMR3/ros2_ws/install/cpmr_apb/lib/python3.8/site-packages/cpmr_apb-0.0.0-py3.8.egg-info
[0.816s] running install_scripts
[0.827s] writing list of installed files to '/home/jenkin/CPMR3/ros2_ws/build/cpmr_apb/install.log'
[0.838s] Invoked command in '/home/jenkin/CPMR3/ros2_ws/src/cpmr_apb' returned '0': PYTHONPATH=/home/jenkin/CPMR3/ros2_ws/install/cpmr_apb/lib/python3.8/site-packages:${PYTHONPATH} /usr/bin/python3 setup.py egg_info --egg-base ../../build/cpmr_apb build --build-base /home/jenkin/CPMR3/ros2_ws/build/cpmr_apb/build install --prefix /home/jenkin/CPMR3/ros2_ws/install/cpmr_apb --record /home/jenkin/CPMR3/ros2_ws/build/cpmr_apb/install.log --single-version-externally-managed
