/home/jenkin/CPMR3/ros2_ws/install/cpmr_apb/lib/python3.8/site-packages/cpmr_apb/depopulate.py
/home/jenkin/CPMR3/ros2_ws/install/cpmr_apb/lib/python3.8/site-packages/cpmr_apb/__init__.py
/home/jenkin/CPMR3/ros2_ws/install/cpmr_apb/lib/python3.8/site-packages/cpmr_apb/populate.py
/home/jenkin/CPMR3/ros2_ws/install/cpmr_apb/lib/python3.8/site-packages/cpmr_apb/__pycache__/depopulate.cpython-38.pyc
/home/jenkin/CPMR3/ros2_ws/install/cpmr_apb/lib/python3.8/site-packages/cpmr_apb/__pycache__/__init__.cpython-38.pyc
/home/jenkin/CPMR3/ros2_ws/install/cpmr_apb/lib/python3.8/site-packages/cpmr_apb/__pycache__/populate.cpython-38.pyc
/home/jenkin/CPMR3/ros2_ws/install/cpmr_apb/share/ament_index/resource_index/packages/cpmr_apb
/home/jenkin/CPMR3/ros2_ws/install/cpmr_apb/share/cpmr_apb/package.xml
/home/jenkin/CPMR3/ros2_ws/install/cpmr_apb/share/cpmr_apb/blockrobot.launch.py
/home/jenkin/CPMR3/ros2_ws/install/cpmr_apb/share/cpmr_apb/gazebo.launch.py
/home/jenkin/CPMR3/ros2_ws/install/cpmr_apb/share/cpmr_apb/blockrobot.urdf
/home/jenkin/CPMR3/ros2_ws/install/cpmr_apb/lib/python3.8/site-packages/cpmr_apb-1.0.0-py3.8.egg-info/dependency_links.txt
/home/jenkin/CPMR3/ros2_ws/install/cpmr_apb/lib/python3.8/site-packages/cpmr_apb-1.0.0-py3.8.egg-info/entry_points.txt
/home/jenkin/CPMR3/ros2_ws/install/cpmr_apb/lib/python3.8/site-packages/cpmr_apb-1.0.0-py3.8.egg-info/requires.txt
/home/jenkin/CPMR3/ros2_ws/install/cpmr_apb/lib/python3.8/site-packages/cpmr_apb-1.0.0-py3.8.egg-info/top_level.txt
/home/jenkin/CPMR3/ros2_ws/install/cpmr_apb/lib/python3.8/site-packages/cpmr_apb-1.0.0-py3.8.egg-info/zip-safe
/home/jenkin/CPMR3/ros2_ws/install/cpmr_apb/lib/python3.8/site-packages/cpmr_apb-1.0.0-py3.8.egg-info/PKG-INFO
/home/jenkin/CPMR3/ros2_ws/install/cpmr_apb/lib/python3.8/site-packages/cpmr_apb-1.0.0-py3.8.egg-info/SOURCES.txt
/home/jenkin/CPMR3/ros2_ws/install/cpmr_apb/lib/cpmr_apb/depopulate_world
/home/jenkin/CPMR3/ros2_ws/install/cpmr_apb/lib/cpmr_apb/populate_world
