[0.563s] Invoking command in '/home/jenkin/CPMR3/ros2_ws/src/cpmr_apb': PYTHONPATH=/home/jenkin/CPMR3/ros2_ws/install/cpmr_apb/lib/python3.8/site-packages:${PYTHONPATH} /usr/bin/python3 setup.py egg_info --egg-base ../../build/cpmr_apb build --build-base /home/jenkin/CPMR3/ros2_ws/build/cpmr_apb/build install --prefix /home/jenkin/CPMR3/ros2_ws/install/cpmr_apb --record /home/jenkin/CPMR3/ros2_ws/build/cpmr_apb/install.log --single-version-externally-managed
[0.763s] running egg_info
[0.763s] writing ../../build/cpmr_apb/cpmr_apb.egg-info/PKG-INFO
[0.763s] writing dependency_links to ../../build/cpmr_apb/cpmr_apb.egg-info/dependency_links.txt
[0.764s] writing entry points to ../../build/cpmr_apb/cpmr_apb.egg-info/entry_points.txt
[0.764s] writing requirements to ../../build/cpmr_apb/cpmr_apb.egg-info/requires.txt
[0.764s] writing top-level names to ../../build/cpmr_apb/cpmr_apb.egg-info/top_level.txt
[0.786s] reading manifest file '../../build/cpmr_apb/cpmr_apb.egg-info/SOURCES.txt'
[0.786s] writing manifest file '../../build/cpmr_apb/cpmr_apb.egg-info/SOURCES.txt'
[0.787s] running build
[0.787s] running build_py
[0.787s] running install
[0.787s] running install_lib
[0.788s] running install_data
[0.788s] copying launch/blockrobot.launch.py -> /home/jenkin/CPMR3/ros2_ws/install/cpmr_apb/share/cpmr_apb
[0.788s] copying urdf/blockrobot.urdf -> /home/jenkin/CPMR3/ros2_ws/install/cpmr_apb/share/cpmr_apb
[0.789s] running install_egg_info
[0.790s] removing '/home/jenkin/CPMR3/ros2_ws/install/cpmr_apb/lib/python3.8/site-packages/cpmr_apb-0.0.0-py3.8.egg-info' (and everything under it)
[0.790s] Copying ../../build/cpmr_apb/cpmr_apb.egg-info to /home/jenkin/CPMR3/ros2_ws/install/cpmr_apb/lib/python3.8/site-packages/cpmr_apb-0.0.0-py3.8.egg-info
[0.790s] running install_scripts
[0.801s] writing list of installed files to '/home/jenkin/CPMR3/ros2_ws/build/cpmr_apb/install.log'
[0.812s] Invoked command in '/home/jenkin/CPMR3/ros2_ws/src/cpmr_apb' returned '0': PYTHONPATH=/home/jenkin/CPMR3/ros2_ws/install/cpmr_apb/lib/python3.8/site-packages:${PYTHONPATH} /usr/bin/python3 setup.py egg_info --egg-base ../../build/cpmr_apb build --build-base /home/jenkin/CPMR3/ros2_ws/build/cpmr_apb/build install --prefix /home/jenkin/CPMR3/ros2_ws/install/cpmr_apb --record /home/jenkin/CPMR3/ros2_ws/build/cpmr_apb/install.log --single-version-externally-managed
