[0.768s] Invoking command in '/home/jenkin/CPMR3/ros2_ws/src/cpmr_ch4': PYTHONPATH=/home/jenkin/CPMR3/ros2_ws/install/cpmr_ch4/lib/python3.8/site-packages:${PYTHONPATH} /usr/bin/python3 setup.py egg_info --egg-base ../../build/cpmr_ch4 build --build-base /home/jenkin/CPMR3/ros2_ws/build/cpmr_ch4/build install --prefix /home/jenkin/CPMR3/ros2_ws/install/cpmr_ch4 --record /home/jenkin/CPMR3/ros2_ws/build/cpmr_ch4/install.log --single-version-externally-managed
[0.961s] running egg_info
[0.962s] creating ../../build/cpmr_ch4/cpmr_ch4.egg-info
[0.962s] writing ../../build/cpmr_ch4/cpmr_ch4.egg-info/PKG-INFO
[0.962s] writing dependency_links to ../../build/cpmr_ch4/cpmr_ch4.egg-info/dependency_links.txt
[0.962s] writing entry points to ../../build/cpmr_ch4/cpmr_ch4.egg-info/entry_points.txt
[0.962s] writing requirements to ../../build/cpmr_ch4/cpmr_ch4.egg-info/requires.txt
[0.962s] writing top-level names to ../../build/cpmr_ch4/cpmr_ch4.egg-info/top_level.txt
[0.963s] writing manifest file '../../build/cpmr_ch4/cpmr_ch4.egg-info/SOURCES.txt'
[0.985s] reading manifest file '../../build/cpmr_ch4/cpmr_ch4.egg-info/SOURCES.txt'
[0.985s] writing manifest file '../../build/cpmr_ch4/cpmr_ch4.egg-info/SOURCES.txt'
[0.985s] running build
[0.985s] running build_py
[0.986s] creating /home/jenkin/CPMR3/ros2_ws/build/cpmr_ch4/build
[0.986s] creating /home/jenkin/CPMR3/ros2_ws/build/cpmr_ch4/build/lib
[0.986s] creating /home/jenkin/CPMR3/ros2_ws/build/cpmr_ch4/build/lib/cpmr_ch4
[0.986s] copying cpmr_ch4/__init__.py -> /home/jenkin/CPMR3/ros2_ws/build/cpmr_ch4/build/lib/cpmr_ch4
[0.986s] copying cpmr_ch4/tester.py -> /home/jenkin/CPMR3/ros2_ws/build/cpmr_ch4/build/lib/cpmr_ch4
[0.986s] running install
[0.986s] running install_lib
[0.987s] creating /home/jenkin/CPMR3/ros2_ws/install/cpmr_ch4/lib/python3.8/site-packages/cpmr_ch4
[0.987s] copying /home/jenkin/CPMR3/ros2_ws/build/cpmr_ch4/build/lib/cpmr_ch4/__init__.py -> /home/jenkin/CPMR3/ros2_ws/install/cpmr_ch4/lib/python3.8/site-packages/cpmr_ch4
[0.987s] copying /home/jenkin/CPMR3/ros2_ws/build/cpmr_ch4/build/lib/cpmr_ch4/tester.py -> /home/jenkin/CPMR3/ros2_ws/install/cpmr_ch4/lib/python3.8/site-packages/cpmr_ch4
[0.987s] byte-compiling /home/jenkin/CPMR3/ros2_ws/install/cpmr_ch4/lib/python3.8/site-packages/cpmr_ch4/__init__.py to __init__.cpython-38.pyc
[0.988s] byte-compiling /home/jenkin/CPMR3/ros2_ws/install/cpmr_ch4/lib/python3.8/site-packages/cpmr_ch4/tester.py to tester.cpython-38.pyc
[0.988s] running install_data
[0.988s] creating /home/jenkin/CPMR3/ros2_ws/install/cpmr_ch4/share/ament_index
[0.988s] creating /home/jenkin/CPMR3/ros2_ws/install/cpmr_ch4/share/ament_index/resource_index
[0.988s] creating /home/jenkin/CPMR3/ros2_ws/install/cpmr_ch4/share/ament_index/resource_index/packages
[0.989s] copying resource/cpmr_ch4 -> /home/jenkin/CPMR3/ros2_ws/install/cpmr_ch4/share/ament_index/resource_index/packages
[0.989s] copying package.xml -> /home/jenkin/CPMR3/ros2_ws/install/cpmr_ch4/share/cpmr_ch4
[0.989s] running install_egg_info
[0.989s] Copying ../../build/cpmr_ch4/cpmr_ch4.egg-info to /home/jenkin/CPMR3/ros2_ws/install/cpmr_ch4/lib/python3.8/site-packages/cpmr_ch4-0.0.0-py3.8.egg-info
[0.990s] running install_scripts
[1.001s] Installing tester script to /home/jenkin/CPMR3/ros2_ws/install/cpmr_ch4/lib/cpmr_ch4
[1.001s] writing list of installed files to '/home/jenkin/CPMR3/ros2_ws/build/cpmr_ch4/install.log'
[1.014s] Invoked command in '/home/jenkin/CPMR3/ros2_ws/src/cpmr_ch4' returned '0': PYTHONPATH=/home/jenkin/CPMR3/ros2_ws/install/cpmr_ch4/lib/python3.8/site-packages:${PYTHONPATH} /usr/bin/python3 setup.py egg_info --egg-base ../../build/cpmr_ch4 build --build-base /home/jenkin/CPMR3/ros2_ws/build/cpmr_ch4/build install --prefix /home/jenkin/CPMR3/ros2_ws/install/cpmr_ch4 --record /home/jenkin/CPMR3/ros2_ws/build/cpmr_ch4/install.log --single-version-externally-managed
